<?xml version="1.0" encoding="UTF-8"?>
<!-- Generated by org.testng.reporters.JUnitReportReporter -->
<testsuite hostname="WINDOWS-B1E53N7" failures="0" tests="1" name="Parameterization.Parameter_1" time="19.112" errors="0" timestamp="2025-03-10T12:32:11 IST" skipped="0">
  <testcase classname="Parameterization.Parameter_1" name="main" time="19.112"/>
</testsuite> <!-- Parameterization.Parameter_1 -->
